<?xml version="1.0" encoding="UTF-8"?>
<testsuite xmlns:xsi="http://www.w3.org/2001/XMLSchema-instance" xsi:noNamespaceSchemaLocation="https://maven.apache.org/surefire/maven-surefire-plugin/xsd/surefire-test-report.xsd" version="3.0.2" name="com.zhl.test.TimeTest" time="5.792" tests="1" errors="0" skipped="0" failures="0">
  <properties>
    <property name="java.specification.version" value="21"/>
    <property name="sun.cpu.isalist" value="amd64"/>
    <property name="sun.jnu.encoding" value="GBK"/>
    <property name="java.class.path" value="D:\self\workspace\spring-ai-cdr\mcp-client\target\test-classes;D:\self\workspace\spring-ai-cdr\mcp-client\target\classes;D:\haitai\maven_repository\org\springframework\boot\spring-boot-starter-web\3.5.0\spring-boot-starter-web-3.5.0.jar;D:\haitai\maven_repository\org\springframework\boot\spring-boot-starter\3.5.0\spring-boot-starter-3.5.0.jar;D:\haitai\maven_repository\org\springframework\boot\spring-boot\3.5.0\spring-boot-3.5.0.jar;D:\haitai\maven_repository\org\springframework\boot\spring-boot-autoconfigure\3.5.0\spring-boot-autoconfigure-3.5.0.jar;D:\haitai\maven_repository\org\springframework\boot\spring-boot-starter-logging\3.5.0\spring-boot-starter-logging-3.5.0.jar;D:\haitai\maven_repository\ch\qos\logback\logback-classic\1.5.18\logback-classic-1.5.18.jar;D:\haitai\maven_repository\ch\qos\logback\logback-core\1.5.18\logback-core-1.5.18.jar;D:\haitai\maven_repository\org\apache\logging\log4j\log4j-to-slf4j\2.24.3\log4j-to-slf4j-2.24.3.jar;D:\haitai\maven_repository\org\apache\logging\log4j\log4j-api\2.24.3\log4j-api-2.24.3.jar;D:\haitai\maven_repository\org\slf4j\jul-to-slf4j\2.0.17\jul-to-slf4j-2.0.17.jar;D:\haitai\maven_repository\jakarta\annotation\jakarta.annotation-api\2.1.1\jakarta.annotation-api-2.1.1.jar;D:\haitai\maven_repository\org\yaml\snakeyaml\2.4\snakeyaml-2.4.jar;D:\haitai\maven_repository\org\springframework\boot\spring-boot-starter-json\3.5.0\spring-boot-starter-json-3.5.0.jar;D:\haitai\maven_repository\com\fasterxml\jackson\core\jackson-databind\2.19.0\jackson-databind-2.19.0.jar;D:\haitai\maven_repository\com\fasterxml\jackson\core\jackson-annotations\2.19.0\jackson-annotations-2.19.0.jar;D:\haitai\maven_repository\com\fasterxml\jackson\core\jackson-core\2.19.0\jackson-core-2.19.0.jar;D:\haitai\maven_repository\com\fasterxml\jackson\datatype\jackson-datatype-jdk8\2.19.0\jackson-datatype-jdk8-2.19.0.jar;D:\haitai\maven_repository\com\fasterxml\jackson\datatype\jackson-datatype-jsr310\2.19.0\jackson-datatype-jsr310-2.19.0.jar;D:\haitai\maven_repository\com\fasterxml\jackson\module\jackson-module-parameter-names\2.19.0\jackson-module-parameter-names-2.19.0.jar;D:\haitai\maven_repository\org\springframework\boot\spring-boot-starter-tomcat\3.5.0\spring-boot-starter-tomcat-3.5.0.jar;D:\haitai\maven_repository\org\apache\tomcat\embed\tomcat-embed-core\10.1.41\tomcat-embed-core-10.1.41.jar;D:\haitai\maven_repository\org\apache\tomcat\embed\tomcat-embed-el\10.1.41\tomcat-embed-el-10.1.41.jar;D:\haitai\maven_repository\org\apache\tomcat\embed\tomcat-embed-websocket\10.1.41\tomcat-embed-websocket-10.1.41.jar;D:\haitai\maven_repository\org\springframework\spring-web\6.2.7\spring-web-6.2.7.jar;D:\haitai\maven_repository\org\springframework\spring-beans\6.2.7\spring-beans-6.2.7.jar;D:\haitai\maven_repository\io\micrometer\micrometer-observation\1.15.0\micrometer-observation-1.15.0.jar;D:\haitai\maven_repository\io\micrometer\micrometer-commons\1.15.0\micrometer-commons-1.15.0.jar;D:\haitai\maven_repository\org\springframework\spring-webmvc\6.2.7\spring-webmvc-6.2.7.jar;D:\haitai\maven_repository\org\springframework\spring-context\6.2.7\spring-context-6.2.7.jar;D:\haitai\maven_repository\org\springframework\spring-expression\6.2.7\spring-expression-6.2.7.jar;D:\haitai\maven_repository\org\springframework\boot\spring-boot-starter-test\3.5.0\spring-boot-starter-test-3.5.0.jar;D:\haitai\maven_repository\org\springframework\boot\spring-boot-test\3.5.0\spring-boot-test-3.5.0.jar;D:\haitai\maven_repository\org\springframework\boot\spring-boot-test-autoconfigure\3.5.0\spring-boot-test-autoconfigure-3.5.0.jar;D:\haitai\maven_repository\com\jayway\jsonpath\json-path\2.9.0\json-path-2.9.0.jar;D:\haitai\maven_repository\org\slf4j\slf4j-api\2.0.17\slf4j-api-2.0.17.jar;D:\haitai\maven_repository\jakarta\xml\bind\jakarta.xml.bind-api\4.0.2\jakarta.xml.bind-api-4.0.2.jar;D:\haitai\maven_repository\jakarta\activation\jakarta.activation-api\2.1.3\jakarta.activation-api-2.1.3.jar;D:\haitai\maven_repository\net\minidev\json-smart\2.5.2\json-smart-2.5.2.jar;D:\haitai\maven_repository\net\minidev\accessors-smart\2.5.2\accessors-smart-2.5.2.jar;D:\haitai\maven_repository\org\ow2\asm\asm\9.7.1\asm-9.7.1.jar;D:\haitai\maven_repository\org\assertj\assertj-core\3.27.3\assertj-core-3.27.3.jar;D:\haitai\maven_repository\net\bytebuddy\byte-buddy\1.17.5\byte-buddy-1.17.5.jar;D:\haitai\maven_repository\org\awaitility\awaitility\4.3.0\awaitility-4.3.0.jar;D:\haitai\maven_repository\org\hamcrest\hamcrest\3.0\hamcrest-3.0.jar;D:\haitai\maven_repository\org\junit\jupiter\junit-jupiter\5.12.2\junit-jupiter-5.12.2.jar;D:\haitai\maven_repository\org\junit\jupiter\junit-jupiter-api\5.12.2\junit-jupiter-api-5.12.2.jar;D:\haitai\maven_repository\org\opentest4j\opentest4j\1.3.0\opentest4j-1.3.0.jar;D:\haitai\maven_repository\org\junit\platform\junit-platform-commons\1.12.2\junit-platform-commons-1.12.2.jar;D:\haitai\maven_repository\org\apiguardian\apiguardian-api\1.1.2\apiguardian-api-1.1.2.jar;D:\haitai\maven_repository\org\junit\jupiter\junit-jupiter-params\5.12.2\junit-jupiter-params-5.12.2.jar;D:\haitai\maven_repository\org\junit\jupiter\junit-jupiter-engine\5.12.2\junit-jupiter-engine-5.12.2.jar;D:\haitai\maven_repository\org\junit\platform\junit-platform-engine\1.12.2\junit-platform-engine-1.12.2.jar;D:\haitai\maven_repository\org\mockito\mockito-core\5.17.0\mockito-core-5.17.0.jar;D:\haitai\maven_repository\net\bytebuddy\byte-buddy-agent\1.17.5\byte-buddy-agent-1.17.5.jar;D:\haitai\maven_repository\org\objenesis\objenesis\3.3\objenesis-3.3.jar;D:\haitai\maven_repository\org\mockito\mockito-junit-jupiter\5.17.0\mockito-junit-jupiter-5.17.0.jar;D:\haitai\maven_repository\org\skyscreamer\jsonassert\1.5.3\jsonassert-1.5.3.jar;D:\haitai\maven_repository\com\vaadin\external\google\android-json\0.0.20131108.vaadin1\android-json-0.0.20131108.vaadin1.jar;D:\haitai\maven_repository\org\springframework\spring-core\6.2.7\spring-core-6.2.7.jar;D:\haitai\maven_repository\org\springframework\spring-jcl\6.2.7\spring-jcl-6.2.7.jar;D:\haitai\maven_repository\org\springframework\spring-test\6.2.7\spring-test-6.2.7.jar;D:\haitai\maven_repository\org\xmlunit\xmlunit-core\2.10.1\xmlunit-core-2.10.1.jar;D:\haitai\maven_repository\org\projectlombok\lombok\1.18.38\lombok-1.18.38.jar;D:\haitai\maven_repository\cn\hutool\hutool-all\5.8.30\hutool-all-5.8.30.jar;D:\haitai\maven_repository\org\apache\commons\commons-lang3\3.17.0\commons-lang3-3.17.0.jar;D:\haitai\maven_repository\org\apache\groovy\groovy-json\4.0.27\groovy-json-4.0.27.jar;D:\haitai\maven_repository\org\apache\groovy\groovy\4.0.26\groovy-4.0.26.jar;D:\haitai\maven_repository\org\springframework\ai\spring-ai-starter-model-openai\1.0.0\spring-ai-starter-model-openai-1.0.0.jar;D:\haitai\maven_repository\org\springframework\ai\spring-ai-autoconfigure-model-openai\1.0.0\spring-ai-autoconfigure-model-openai-1.0.0.jar;D:\haitai\maven_repository\org\springframework\ai\spring-ai-autoconfigure-model-tool\1.0.0\spring-ai-autoconfigure-model-tool-1.0.0.jar;D:\haitai\maven_repository\org\springframework\ai\spring-ai-autoconfigure-retry\1.0.0\spring-ai-autoconfigure-retry-1.0.0.jar;D:\haitai\maven_repository\org\springframework\ai\spring-ai-autoconfigure-model-chat-observation\1.0.0\spring-ai-autoconfigure-model-chat-observation-1.0.0.jar;D:\haitai\maven_repository\org\springframework\ai\spring-ai-autoconfigure-model-embedding-observation\1.0.0\spring-ai-autoconfigure-model-embedding-observation-1.0.0.jar;D:\haitai\maven_repository\org\springframework\ai\spring-ai-autoconfigure-model-image-observation\1.0.0\spring-ai-autoconfigure-model-image-observation-1.0.0.jar;D:\haitai\maven_repository\org\springframework\ai\spring-ai-openai\1.0.0\spring-ai-openai-1.0.0.jar;D:\haitai\maven_repository\org\springframework\ai\spring-ai-model\1.0.0\spring-ai-model-1.0.0.jar;D:\haitai\maven_repository\org\springframework\ai\spring-ai-commons\1.0.0\spring-ai-commons-1.0.0.jar;D:\haitai\maven_repository\io\micrometer\micrometer-core\1.15.0\micrometer-core-1.15.0.jar;D:\haitai\maven_repository\org\hdrhistogram\HdrHistogram\2.2.2\HdrHistogram-2.2.2.jar;D:\haitai\maven_repository\org\latencyutils\LatencyUtils\2.0.3\LatencyUtils-2.0.3.jar;D:\haitai\maven_repository\io\micrometer\context-propagation\1.1.3\context-propagation-1.1.3.jar;D:\haitai\maven_repository\org\springframework\ai\spring-ai-template-st\1.0.0\spring-ai-template-st-1.0.0.jar;D:\haitai\maven_repository\org\antlr\ST4\4.3.4\ST4-4.3.4.jar;D:\haitai\maven_repository\org\antlr\antlr-runtime\3.5.3\antlr-runtime-3.5.3.jar;D:\haitai\maven_repository\org\springframework\spring-messaging\6.2.7\spring-messaging-6.2.7.jar;D:\haitai\maven_repository\io\projectreactor\reactor-core\3.7.6\reactor-core-3.7.6.jar;D:\haitai\maven_repository\org\reactivestreams\reactive-streams\1.0.4\reactive-streams-1.0.4.jar;D:\haitai\maven_repository\org\antlr\antlr4-runtime\4.13.1\antlr4-runtime-4.13.1.jar;D:\haitai\maven_repository\com\github\victools\jsonschema-module-swagger-2\4.37.0\jsonschema-module-swagger-2-4.37.0.jar;D:\haitai\maven_repository\io\swagger\core\v3\swagger-annotations\2.2.25\swagger-annotations-2.2.25.jar;D:\haitai\maven_repository\org\springframework\ai\spring-ai-retry\1.0.0\spring-ai-retry-1.0.0.jar;D:\haitai\maven_repository\org\springframework\retry\spring-retry\2.0.12\spring-retry-2.0.12.jar;D:\haitai\maven_repository\org\springframework\spring-webflux\6.2.7\spring-webflux-6.2.7.jar;D:\haitai\maven_repository\com\github\victools\jsonschema-generator\4.37.0\jsonschema-generator-4.37.0.jar;D:\haitai\maven_repository\com\fasterxml\classmate\1.7.0\classmate-1.7.0.jar;D:\haitai\maven_repository\com\github\victools\jsonschema-module-jackson\4.37.0\jsonschema-module-jackson-4.37.0.jar;D:\haitai\maven_repository\org\springframework\spring-context-support\6.2.7\spring-context-support-6.2.7.jar;D:\haitai\maven_repository\org\springframework\ai\spring-ai-autoconfigure-model-chat-client\1.0.0\spring-ai-autoconfigure-model-chat-client-1.0.0.jar;D:\haitai\maven_repository\org\springframework\ai\spring-ai-client-chat\1.0.0\spring-ai-client-chat-1.0.0.jar;D:\haitai\maven_repository\com\fasterxml\jackson\module\jackson-module-jsonSchema\2.19.0\jackson-module-jsonSchema-2.19.0.jar;D:\haitai\maven_repository\javax\validation\validation-api\1.1.0.Final\validation-api-1.1.0.Final.jar;D:\haitai\maven_repository\com\knuddels\jtokkit\1.1.0\jtokkit-1.1.0.jar;D:\haitai\maven_repository\org\springframework\ai\spring-ai-autoconfigure-model-chat-memory\1.0.0\spring-ai-autoconfigure-model-chat-memory-1.0.0.jar;D:\haitai\maven_repository\org\springframework\boot\spring-boot-starter-aop\3.5.0\spring-boot-starter-aop-3.5.0.jar;D:\haitai\maven_repository\org\springframework\spring-aop\6.2.7\spring-aop-6.2.7.jar;D:\haitai\maven_repository\org\aspectj\aspectjweaver\1.9.24\aspectjweaver-1.9.24.jar;"/>
    <property name="java.vm.vendor" value="Oracle Corporation"/>
    <property name="sun.arch.data.model" value="64"/>
    <property name="user.variant" value=""/>
    <property name="java.vendor.url" value="https://java.oracle.com/"/>
    <property name="user.timezone" value="GMT+08:00"/>
    <property name="os.name" value="Windows 11"/>
    <property name="java.vm.specification.version" value="21"/>
    <property name="APPLICATION_NAME" value="spring-ai-mcp-client"/>
    <property name="sun.java.launcher" value="SUN_STANDARD"/>
    <property name="user.country" value="CN"/>
    <property name="sun.boot.library.path" value="D:\haitai\work_software\jdk-21.0.8\bin"/>
    <property name="sun.java.command" value="C:\Users\zhl_y\AppData\Local\Temp\surefire5386023346052390146\surefirebooter-20250823125057719_3.jar C:\Users\zhl_y\AppData\Local\Temp\surefire5386023346052390146 2025-08-23T12-50-57_609-jvmRun1 surefire-20250823125057719_1tmp surefire_0-20250823125057719_2tmp"/>
    <property name="jdk.debug" value="release"/>
    <property name="surefire.test.class.path" value="D:\self\workspace\spring-ai-cdr\mcp-client\target\test-classes;D:\self\workspace\spring-ai-cdr\mcp-client\target\classes;D:\haitai\maven_repository\org\springframework\boot\spring-boot-starter-web\3.5.0\spring-boot-starter-web-3.5.0.jar;D:\haitai\maven_repository\org\springframework\boot\spring-boot-starter\3.5.0\spring-boot-starter-3.5.0.jar;D:\haitai\maven_repository\org\springframework\boot\spring-boot\3.5.0\spring-boot-3.5.0.jar;D:\haitai\maven_repository\org\springframework\boot\spring-boot-autoconfigure\3.5.0\spring-boot-autoconfigure-3.5.0.jar;D:\haitai\maven_repository\org\springframework\boot\spring-boot-starter-logging\3.5.0\spring-boot-starter-logging-3.5.0.jar;D:\haitai\maven_repository\ch\qos\logback\logback-classic\1.5.18\logback-classic-1.5.18.jar;D:\haitai\maven_repository\ch\qos\logback\logback-core\1.5.18\logback-core-1.5.18.jar;D:\haitai\maven_repository\org\apache\logging\log4j\log4j-to-slf4j\2.24.3\log4j-to-slf4j-2.24.3.jar;D:\haitai\maven_repository\org\apache\logging\log4j\log4j-api\2.24.3\log4j-api-2.24.3.jar;D:\haitai\maven_repository\org\slf4j\jul-to-slf4j\2.0.17\jul-to-slf4j-2.0.17.jar;D:\haitai\maven_repository\jakarta\annotation\jakarta.annotation-api\2.1.1\jakarta.annotation-api-2.1.1.jar;D:\haitai\maven_repository\org\yaml\snakeyaml\2.4\snakeyaml-2.4.jar;D:\haitai\maven_repository\org\springframework\boot\spring-boot-starter-json\3.5.0\spring-boot-starter-json-3.5.0.jar;D:\haitai\maven_repository\com\fasterxml\jackson\core\jackson-databind\2.19.0\jackson-databind-2.19.0.jar;D:\haitai\maven_repository\com\fasterxml\jackson\core\jackson-annotations\2.19.0\jackson-annotations-2.19.0.jar;D:\haitai\maven_repository\com\fasterxml\jackson\core\jackson-core\2.19.0\jackson-core-2.19.0.jar;D:\haitai\maven_repository\com\fasterxml\jackson\datatype\jackson-datatype-jdk8\2.19.0\jackson-datatype-jdk8-2.19.0.jar;D:\haitai\maven_repository\com\fasterxml\jackson\datatype\jackson-datatype-jsr310\2.19.0\jackson-datatype-jsr310-2.19.0.jar;D:\haitai\maven_repository\com\fasterxml\jackson\module\jackson-module-parameter-names\2.19.0\jackson-module-parameter-names-2.19.0.jar;D:\haitai\maven_repository\org\springframework\boot\spring-boot-starter-tomcat\3.5.0\spring-boot-starter-tomcat-3.5.0.jar;D:\haitai\maven_repository\org\apache\tomcat\embed\tomcat-embed-core\10.1.41\tomcat-embed-core-10.1.41.jar;D:\haitai\maven_repository\org\apache\tomcat\embed\tomcat-embed-el\10.1.41\tomcat-embed-el-10.1.41.jar;D:\haitai\maven_repository\org\apache\tomcat\embed\tomcat-embed-websocket\10.1.41\tomcat-embed-websocket-10.1.41.jar;D:\haitai\maven_repository\org\springframework\spring-web\6.2.7\spring-web-6.2.7.jar;D:\haitai\maven_repository\org\springframework\spring-beans\6.2.7\spring-beans-6.2.7.jar;D:\haitai\maven_repository\io\micrometer\micrometer-observation\1.15.0\micrometer-observation-1.15.0.jar;D:\haitai\maven_repository\io\micrometer\micrometer-commons\1.15.0\micrometer-commons-1.15.0.jar;D:\haitai\maven_repository\org\springframework\spring-webmvc\6.2.7\spring-webmvc-6.2.7.jar;D:\haitai\maven_repository\org\springframework\spring-context\6.2.7\spring-context-6.2.7.jar;D:\haitai\maven_repository\org\springframework\spring-expression\6.2.7\spring-expression-6.2.7.jar;D:\haitai\maven_repository\org\springframework\boot\spring-boot-starter-test\3.5.0\spring-boot-starter-test-3.5.0.jar;D:\haitai\maven_repository\org\springframework\boot\spring-boot-test\3.5.0\spring-boot-test-3.5.0.jar;D:\haitai\maven_repository\org\springframework\boot\spring-boot-test-autoconfigure\3.5.0\spring-boot-test-autoconfigure-3.5.0.jar;D:\haitai\maven_repository\com\jayway\jsonpath\json-path\2.9.0\json-path-2.9.0.jar;D:\haitai\maven_repository\org\slf4j\slf4j-api\2.0.17\slf4j-api-2.0.17.jar;D:\haitai\maven_repository\jakarta\xml\bind\jakarta.xml.bind-api\4.0.2\jakarta.xml.bind-api-4.0.2.jar;D:\haitai\maven_repository\jakarta\activation\jakarta.activation-api\2.1.3\jakarta.activation-api-2.1.3.jar;D:\haitai\maven_repository\net\minidev\json-smart\2.5.2\json-smart-2.5.2.jar;D:\haitai\maven_repository\net\minidev\accessors-smart\2.5.2\accessors-smart-2.5.2.jar;D:\haitai\maven_repository\org\ow2\asm\asm\9.7.1\asm-9.7.1.jar;D:\haitai\maven_repository\org\assertj\assertj-core\3.27.3\assertj-core-3.27.3.jar;D:\haitai\maven_repository\net\bytebuddy\byte-buddy\1.17.5\byte-buddy-1.17.5.jar;D:\haitai\maven_repository\org\awaitility\awaitility\4.3.0\awaitility-4.3.0.jar;D:\haitai\maven_repository\org\hamcrest\hamcrest\3.0\hamcrest-3.0.jar;D:\haitai\maven_repository\org\junit\jupiter\junit-jupiter\5.12.2\junit-jupiter-5.12.2.jar;D:\haitai\maven_repository\org\junit\jupiter\junit-jupiter-api\5.12.2\junit-jupiter-api-5.12.2.jar;D:\haitai\maven_repository\org\opentest4j\opentest4j\1.3.0\opentest4j-1.3.0.jar;D:\haitai\maven_repository\org\junit\platform\junit-platform-commons\1.12.2\junit-platform-commons-1.12.2.jar;D:\haitai\maven_repository\org\apiguardian\apiguardian-api\1.1.2\apiguardian-api-1.1.2.jar;D:\haitai\maven_repository\org\junit\jupiter\junit-jupiter-params\5.12.2\junit-jupiter-params-5.12.2.jar;D:\haitai\maven_repository\org\junit\jupiter\junit-jupiter-engine\5.12.2\junit-jupiter-engine-5.12.2.jar;D:\haitai\maven_repository\org\junit\platform\junit-platform-engine\1.12.2\junit-platform-engine-1.12.2.jar;D:\haitai\maven_repository\org\mockito\mockito-core\5.17.0\mockito-core-5.17.0.jar;D:\haitai\maven_repository\net\bytebuddy\byte-buddy-agent\1.17.5\byte-buddy-agent-1.17.5.jar;D:\haitai\maven_repository\org\objenesis\objenesis\3.3\objenesis-3.3.jar;D:\haitai\maven_repository\org\mockito\mockito-junit-jupiter\5.17.0\mockito-junit-jupiter-5.17.0.jar;D:\haitai\maven_repository\org\skyscreamer\jsonassert\1.5.3\jsonassert-1.5.3.jar;D:\haitai\maven_repository\com\vaadin\external\google\android-json\0.0.20131108.vaadin1\android-json-0.0.20131108.vaadin1.jar;D:\haitai\maven_repository\org\springframework\spring-core\6.2.7\spring-core-6.2.7.jar;D:\haitai\maven_repository\org\springframework\spring-jcl\6.2.7\spring-jcl-6.2.7.jar;D:\haitai\maven_repository\org\springframework\spring-test\6.2.7\spring-test-6.2.7.jar;D:\haitai\maven_repository\org\xmlunit\xmlunit-core\2.10.1\xmlunit-core-2.10.1.jar;D:\haitai\maven_repository\org\projectlombok\lombok\1.18.38\lombok-1.18.38.jar;D:\haitai\maven_repository\cn\hutool\hutool-all\5.8.30\hutool-all-5.8.30.jar;D:\haitai\maven_repository\org\apache\commons\commons-lang3\3.17.0\commons-lang3-3.17.0.jar;D:\haitai\maven_repository\org\apache\groovy\groovy-json\4.0.27\groovy-json-4.0.27.jar;D:\haitai\maven_repository\org\apache\groovy\groovy\4.0.26\groovy-4.0.26.jar;D:\haitai\maven_repository\org\springframework\ai\spring-ai-starter-model-openai\1.0.0\spring-ai-starter-model-openai-1.0.0.jar;D:\haitai\maven_repository\org\springframework\ai\spring-ai-autoconfigure-model-openai\1.0.0\spring-ai-autoconfigure-model-openai-1.0.0.jar;D:\haitai\maven_repository\org\springframework\ai\spring-ai-autoconfigure-model-tool\1.0.0\spring-ai-autoconfigure-model-tool-1.0.0.jar;D:\haitai\maven_repository\org\springframework\ai\spring-ai-autoconfigure-retry\1.0.0\spring-ai-autoconfigure-retry-1.0.0.jar;D:\haitai\maven_repository\org\springframework\ai\spring-ai-autoconfigure-model-chat-observation\1.0.0\spring-ai-autoconfigure-model-chat-observation-1.0.0.jar;D:\haitai\maven_repository\org\springframework\ai\spring-ai-autoconfigure-model-embedding-observation\1.0.0\spring-ai-autoconfigure-model-embedding-observation-1.0.0.jar;D:\haitai\maven_repository\org\springframework\ai\spring-ai-autoconfigure-model-image-observation\1.0.0\spring-ai-autoconfigure-model-image-observation-1.0.0.jar;D:\haitai\maven_repository\org\springframework\ai\spring-ai-openai\1.0.0\spring-ai-openai-1.0.0.jar;D:\haitai\maven_repository\org\springframework\ai\spring-ai-model\1.0.0\spring-ai-model-1.0.0.jar;D:\haitai\maven_repository\org\springframework\ai\spring-ai-commons\1.0.0\spring-ai-commons-1.0.0.jar;D:\haitai\maven_repository\io\micrometer\micrometer-core\1.15.0\micrometer-core-1.15.0.jar;D:\haitai\maven_repository\org\hdrhistogram\HdrHistogram\2.2.2\HdrHistogram-2.2.2.jar;D:\haitai\maven_repository\org\latencyutils\LatencyUtils\2.0.3\LatencyUtils-2.0.3.jar;D:\haitai\maven_repository\io\micrometer\context-propagation\1.1.3\context-propagation-1.1.3.jar;D:\haitai\maven_repository\org\springframework\ai\spring-ai-template-st\1.0.0\spring-ai-template-st-1.0.0.jar;D:\haitai\maven_repository\org\antlr\ST4\4.3.4\ST4-4.3.4.jar;D:\haitai\maven_repository\org\antlr\antlr-runtime\3.5.3\antlr-runtime-3.5.3.jar;D:\haitai\maven_repository\org\springframework\spring-messaging\6.2.7\spring-messaging-6.2.7.jar;D:\haitai\maven_repository\io\projectreactor\reactor-core\3.7.6\reactor-core-3.7.6.jar;D:\haitai\maven_repository\org\reactivestreams\reactive-streams\1.0.4\reactive-streams-1.0.4.jar;D:\haitai\maven_repository\org\antlr\antlr4-runtime\4.13.1\antlr4-runtime-4.13.1.jar;D:\haitai\maven_repository\com\github\victools\jsonschema-module-swagger-2\4.37.0\jsonschema-module-swagger-2-4.37.0.jar;D:\haitai\maven_repository\io\swagger\core\v3\swagger-annotations\2.2.25\swagger-annotations-2.2.25.jar;D:\haitai\maven_repository\org\springframework\ai\spring-ai-retry\1.0.0\spring-ai-retry-1.0.0.jar;D:\haitai\maven_repository\org\springframework\retry\spring-retry\2.0.12\spring-retry-2.0.12.jar;D:\haitai\maven_repository\org\springframework\spring-webflux\6.2.7\spring-webflux-6.2.7.jar;D:\haitai\maven_repository\com\github\victools\jsonschema-generator\4.37.0\jsonschema-generator-4.37.0.jar;D:\haitai\maven_repository\com\fasterxml\classmate\1.7.0\classmate-1.7.0.jar;D:\haitai\maven_repository\com\github\victools\jsonschema-module-jackson\4.37.0\jsonschema-module-jackson-4.37.0.jar;D:\haitai\maven_repository\org\springframework\spring-context-support\6.2.7\spring-context-support-6.2.7.jar;D:\haitai\maven_repository\org\springframework\ai\spring-ai-autoconfigure-model-chat-client\1.0.0\spring-ai-autoconfigure-model-chat-client-1.0.0.jar;D:\haitai\maven_repository\org\springframework\ai\spring-ai-client-chat\1.0.0\spring-ai-client-chat-1.0.0.jar;D:\haitai\maven_repository\com\fasterxml\jackson\module\jackson-module-jsonSchema\2.19.0\jackson-module-jsonSchema-2.19.0.jar;D:\haitai\maven_repository\javax\validation\validation-api\1.1.0.Final\validation-api-1.1.0.Final.jar;D:\haitai\maven_repository\com\knuddels\jtokkit\1.1.0\jtokkit-1.1.0.jar;D:\haitai\maven_repository\org\springframework\ai\spring-ai-autoconfigure-model-chat-memory\1.0.0\spring-ai-autoconfigure-model-chat-memory-1.0.0.jar;D:\haitai\maven_repository\org\springframework\boot\spring-boot-starter-aop\3.5.0\spring-boot-starter-aop-3.5.0.jar;D:\haitai\maven_repository\org\springframework\spring-aop\6.2.7\spring-aop-6.2.7.jar;D:\haitai\maven_repository\org\aspectj\aspectjweaver\1.9.24\aspectjweaver-1.9.24.jar;"/>
    <property name="sun.cpu.endian" value="little"/>
    <property name="user.home" value="C:\Users\zhl_y"/>
    <property name="user.language" value="zh"/>
    <property name="java.specification.vendor" value="Oracle Corporation"/>
    <property name="java.version.date" value="2025-07-15"/>
    <property name="java.home" value="D:\haitai\work_software\jdk-21.0.8"/>
    <property name="file.separator" value="\"/>
    <property name="basedir" value="D:\self\workspace\spring-ai-cdr\mcp-client"/>
    <property name="java.vm.compressedOopsMode" value="Zero based"/>
    <property name="line.separator" value="&#10;"/>
    <property name="java.vm.specification.vendor" value="Oracle Corporation"/>
    <property name="java.specification.name" value="Java Platform API Specification"/>
    <property name="FILE_LOG_CHARSET" value="UTF-8"/>
    <property name="java.awt.headless" value="true"/>
    <property name="surefire.real.class.path" value="C:\Users\zhl_y\AppData\Local\Temp\surefire5386023346052390146\surefirebooter-20250823125057719_3.jar"/>
    <property name="user.script" value=""/>
    <property name="sun.management.compiler" value="HotSpot 64-Bit Tiered Compilers"/>
    <property name="java.runtime.version" value="21.0.8+12-LTS-250"/>
    <property name="user.name" value="zhl_y"/>
    <property name="stdout.encoding" value="GBK"/>
    <property name="path.separator" value=";"/>
    <property name="os.version" value="10.0"/>
    <property name="java.runtime.name" value="Java(TM) SE Runtime Environment"/>
    <property name="file.encoding" value="UTF-8"/>
    <property name="java.vm.name" value="Java HotSpot(TM) 64-Bit Server VM"/>
    <property name="localRepository" value="D:\haitai\maven_repository"/>
    <property name="java.vendor.url.bug" value="https://bugreport.java.com/bugreport/"/>
    <property name="java.io.tmpdir" value="C:\Users\zhl_y\AppData\Local\Temp\"/>
    <property name="idea.version" value="2022.1.3"/>
    <property name="java.version" value="21.0.8"/>
    <property name="user.dir" value="D:\self\workspace\spring-ai-cdr\mcp-client"/>
    <property name="os.arch" value="amd64"/>
    <property name="java.vm.specification.name" value="Java Virtual Machine Specification"/>
    <property name="PID" value="35956"/>
    <property name="sun.os.patch.level" value=""/>
    <property name="CONSOLE_LOG_CHARSET" value="UTF-8"/>
    <property name="native.encoding" value="GBK"/>
    <property name="java.library.path" value="D:\haitai\work_software\jdk-21.0.8\bin;C:\WINDOWS\Sun\Java\bin;C:\WINDOWS\system32;C:\WINDOWS;D:\haitai\work_software\VMware\VMware Workstation\bin\;D:\software\work_software\Scripts\;D:\software\work_software\;C:\windows\system32;C:\windows;C:\windows\System32\Wbem;C:\windows\System32\WindowsPowerShell\v1.0\;C:\windows\System32\OpenSSH\;C:\Program Files (x86)\NVIDIA Corporation\PhysX\Common;C:\Program Files\NVIDIA Corporation\NVIDIA NvDLISR;C:\Users\Administrator\AppData\Local\Microsoft\WindowsApps;C:\Program Files\HP\OMEN-Broadcast\Common;D:\haitai\work_software\jdk1.8.0_231\bin;D:\haitai\work_software\jdk1.8.0_231\jre\bin;D:\haitai\work_software\apache-maven-3.6.3\bin;D:\haitai\work_software\MySQL\MySQL Server 8.0\bin;D:\haitai\work_software\OpenSSL-Win64\bin;D:\haitai\work_software\nvm;D:\haitai\work_software\nodejs;D:\haitai\work_software\nvm\v22.1.0;D:\haitai\work_software\instantclient_21_13;C:\Program Files\dotnet\;C:\WINDOWS\system32;C:\WINDOWS;C:\WINDOWS\System32\Wbem;C:\WINDOWS\System32\WindowsPowerShell\v1.0\;C:\WINDOWS\System32\OpenSSH\;D:\self\work_soft\Redis;C:\xampp1\php;D:\haitai\work_software\NetSarang\Xshell 8\;d:\haitai\work_software\cursor\resources\app\bin;D:\haitai\work_software\微信web开发者工具\dll;C:\Pro;ram Files\Docker\Docker\resources\bin;D:\haitai\work_software\jenv-0.5.9\bin;D:\haitai\work_software\Git\cmd;C:\Users\zhl_y\AppData\Local\Microsoft\WindowsApps;C:\Users\zhl_y\AppData\Roaming\npm;D:\haitai\work_software\Microsoft VS Code\bin;D:\haitai\work_software\JetBrains\PyCharm Community Edition 2023.3.2\bin;;D:\haitai\work_software\nvm;D:\haitai\work_software\nodejs;D:\haitai\work_software\nvm\v22.1.0;D:\haitai\work_software\instantclient_21_13;D:\haitai\work_software\cursor\resources\app\bin;."/>
    <property name="java.vm.info" value="mixed mode, sharing"/>
    <property name="stderr.encoding" value="GBK"/>
    <property name="java.vendor" value="Oracle Corporation"/>
    <property name="java.vm.version" value="21.0.8+12-LTS-250"/>
    <property name="sun.io.unicode.encoding" value="UnicodeLittle"/>
    <property name="java.class.version" value="65.0"/>
    <property name="LOGGED_APPLICATION_NAME" value="[spring-ai-mcp-client] "/>
  </properties>
  <testcase name="testTime" classname="com.zhl.test.TimeTest" time="1.863">
    <system-out><![CDATA[12:50:58.688 [main] INFO org.springframework.test.context.support.AnnotationConfigContextLoaderUtils -- Could not detect default configuration classes for test class [com.zhl.test.TimeTest]: TimeTest does not declare any static, non-private, non-final, nested classes annotated with @Configuration.
12:50:58.830 [main] INFO org.springframework.boot.test.context.SpringBootTestContextBootstrapper -- Found @SpringBootConfiguration com.zhl.Application for test class com.zhl.test.TimeTest

  .   ____          _            __ _ _
 /\\ / ___'_ __ _ _(_)_ __  __ _ \ \ \ \
( ( )\___ | '_ | '_| | '_ \/ _` | \ \ \ \
 \\/  ___)| |_)| | | | | || (_| |  ) ) ) )
  '  |____| .__|_| |_|_| |_\__, | / / / /
 =========|_|==============|___/=/_/_/_/

 :: Spring Boot ::                (v3.5.0)

2025-08-23T12:50:59.539+08:00  INFO 35956 --- [spring-ai-mcp-client] [           main] com.zhl.test.TimeTest                    : Starting TimeTest using Java 21.0.8 with PID 35956 (started by zhl_y in D:\self\workspace\spring-ai-cdr\mcp-client)
2025-08-23T12:50:59.541+08:00  INFO 35956 --- [spring-ai-mcp-client] [           main] com.zhl.test.TimeTest                    : The following 1 profile is active: "test"
2025-08-23T12:51:02.431+08:00  INFO 35956 --- [spring-ai-mcp-client] [           main] com.zhl.test.TimeTest                    : Started TimeTest in 3.401 seconds (process running for 4.514)
StopWatch '': 1.0064906 seconds
----------------------------------------
Seconds       %       Task name
----------------------------------------
1.0064906     100%    任务1

]]></system-out>
    <system-err><![CDATA[Mockito is currently self-attaching to enable the inline-mock-maker. This will no longer work in future releases of the JDK. Please add Mockito as an agent to your build as described in Mockito's documentation: https://javadoc.io/doc/org.mockito/mockito-core/latest/org.mockito/org/mockito/Mockito.html#0.3
WARNING: A Java agent has been loaded dynamically (D:\haitai\maven_repository\net\bytebuddy\byte-buddy-agent\1.17.5\byte-buddy-agent-1.17.5.jar)
WARNING: If a serviceability tool is in use, please run with -XX:+EnableDynamicAgentLoading to hide this warning
WARNING: If a serviceability tool is not in use, please run with -Djdk.instrument.traceUsage for more information
WARNING: Dynamic loading of agents will be disallowed by default in a future release
]]></system-err>
  </testcase>
</testsuite>